{"/Users/freddymonterroso/Desktop/ProyectosUSAC/SA/Practica4_SA_JUN2023/cliente/index.js": {"path":"/Users/freddymonterroso/Desktop/ProyectosUSAC/SA/Practica4_SA_JUN2023/cliente/index.js","statementMap":{"0":{"start":{"line":1,"column":16},"end":{"line":1,"column":34}},"1":{"start":{"line":2,"column":16},"end":{"line":2,"column":34}},"2":{"start":{"line":3,"column":11},"end":{"line":3,"column":24}},"3":{"start":{"line":4,"column":12},"end":{"line":4,"column":21}},"4":{"start":{"line":5,"column":13},"end":{"line":5,"column":17}},"5":{"start":{"line":6,"column":0},"end":{"line":6,"column":23}},"6":{"start":{"line":8,"column":20},"end":{"line":8,"column":39}},"7":{"start":{"line":9,"column":0},"end":{"line":11,"column":1}},"8":{"start":{"line":10,"column":2},"end":{"line":10,"column":23}},"9":{"start":{"line":12,"column":15},"end":{"line":16,"column":2}},"10":{"start":{"line":19,"column":16},"end":{"line":19,"column":18}},"11":{"start":{"line":22,"column":0},"end":{"line":25,"column":3}},"12":{"start":{"line":23,"column":2},"end":{"line":23,"column":44}},"13":{"start":{"line":24,"column":2},"end":{"line":24,"column":9}},"14":{"start":{"line":28,"column":0},"end":{"line":39,"column":3}},"15":{"start":{"line":29,"column":2},"end":{"line":38,"column":3}},"16":{"start":{"line":30,"column":21},"end":{"line":30,"column":39}},"17":{"start":{"line":31,"column":4},"end":{"line":31,"column":48}},"18":{"start":{"line":32,"column":4},"end":{"line":32,"column":147}},"19":{"start":{"line":33,"column":4},"end":{"line":33,"column":66}},"20":{"start":{"line":35,"column":4},"end":{"line":35,"column":22}},"21":{"start":{"line":36,"column":4},"end":{"line":36,"column":70}},"22":{"start":{"line":37,"column":4},"end":{"line":37,"column":78}},"23":{"start":{"line":42,"column":0},"end":{"line":58,"column":3}},"24":{"start":{"line":43,"column":2},"end":{"line":43,"column":24}},"25":{"start":{"line":44,"column":19},"end":{"line":44,"column":36}},"26":{"start":{"line":46,"column":2},"end":{"line":57,"column":3}},"27":{"start":{"line":47,"column":4},"end":{"line":50,"column":5}},"28":{"start":{"line":48,"column":6},"end":{"line":48,"column":104}},"29":{"start":{"line":49,"column":6},"end":{"line":49,"column":69}},"30":{"start":{"line":52,"column":4},"end":{"line":52,"column":148}},"31":{"start":{"line":53,"column":4},"end":{"line":53,"column":57}},"32":{"start":{"line":55,"column":4},"end":{"line":55,"column":126}},"33":{"start":{"line":56,"column":4},"end":{"line":56,"column":89}},"34":{"start":{"line":61,"column":0},"end":{"line":77,"column":3}},"35":{"start":{"line":62,"column":19},"end":{"line":62,"column":36}},"36":{"start":{"line":64,"column":2},"end":{"line":76,"column":3}},"37":{"start":{"line":65,"column":4},"end":{"line":68,"column":5}},"38":{"start":{"line":66,"column":6},"end":{"line":66,"column":96}},"39":{"start":{"line":67,"column":6},"end":{"line":67,"column":69}},"40":{"start":{"line":70,"column":4},"end":{"line":70,"column":46}},"41":{"start":{"line":71,"column":4},"end":{"line":71,"column":148}},"42":{"start":{"line":72,"column":4},"end":{"line":72,"column":57}},"43":{"start":{"line":74,"column":4},"end":{"line":74,"column":111}},"44":{"start":{"line":75,"column":4},"end":{"line":75,"column":72}},"45":{"start":{"line":81,"column":2},"end":{"line":81,"column":49}},"46":{"start":{"line":84,"column":0},"end":{"line":86,"column":3}},"47":{"start":{"line":85,"column":2},"end":{"line":85,"column":69}},"48":{"start":{"line":88,"column":0},"end":{"line":88,"column":21}}},"fnMap":{"0":{"name":"(anonymous_0)","decl":{"start":{"line":22,"column":8},"end":{"line":22,"column":9}},"loc":{"start":{"line":22,"column":28},"end":{"line":25,"column":1}},"line":22},"1":{"name":"(anonymous_1)","decl":{"start":{"line":28,"column":20},"end":{"line":28,"column":21}},"loc":{"start":{"line":28,"column":34},"end":{"line":39,"column":1}},"line":28},"2":{"name":"(anonymous_2)","decl":{"start":{"line":42,"column":27},"end":{"line":42,"column":28}},"loc":{"start":{"line":42,"column":41},"end":{"line":58,"column":1}},"line":42},"3":{"name":"(anonymous_3)","decl":{"start":{"line":61,"column":30},"end":{"line":61,"column":31}},"loc":{"start":{"line":61,"column":44},"end":{"line":77,"column":1}},"line":61},"4":{"name":"generatePedidoId","decl":{"start":{"line":80,"column":9},"end":{"line":80,"column":25}},"loc":{"start":{"line":80,"column":28},"end":{"line":82,"column":1}},"line":80},"5":{"name":"(anonymous_5)","decl":{"start":{"line":84,"column":17},"end":{"line":84,"column":18}},"loc":{"start":{"line":84,"column":23},"end":{"line":86,"column":1}},"line":84}},"branchMap":{"0":{"loc":{"start":{"line":9,"column":0},"end":{"line":11,"column":1}},"type":"if","locations":[{"start":{"line":9,"column":0},"end":{"line":11,"column":1}},{"start":{},"end":{}}],"line":9},"1":{"loc":{"start":{"line":47,"column":4},"end":{"line":50,"column":5}},"type":"if","locations":[{"start":{"line":47,"column":4},"end":{"line":50,"column":5}},{"start":{},"end":{}}],"line":47},"2":{"loc":{"start":{"line":65,"column":4},"end":{"line":68,"column":5}},"type":"if","locations":[{"start":{"line":65,"column":4},"end":{"line":68,"column":5}},{"start":{},"end":{}}],"line":65}},"s":{"0":1,"1":1,"2":1,"3":1,"4":1,"5":1,"6":1,"7":1,"8":0,"9":1,"10":1,"11":1,"12":1,"13":1,"14":1,"15":1,"16":1,"17":1,"18":1,"19":1,"20":0,"21":0,"22":0,"23":1,"24":0,"25":0,"26":0,"27":0,"28":0,"29":0,"30":0,"31":0,"32":0,"33":0,"34":1,"35":0,"36":0,"37":0,"38":0,"39":0,"40":0,"41":0,"42":0,"43":0,"44":0,"45":1,"46":1,"47":1,"48":1},"f":{"0":1,"1":1,"2":0,"3":0,"4":1,"5":1},"b":{"0":[0,1],"1":[0,0],"2":[0,0]},"_coverageSchema":"1a1c01bbd47fc00a2c39e90264f33305004495a9","hash":"d10045f3d2296b144011ed4877f0c713c3ba776e"}
}
