TN:
SF:index.js
FN:22,(anonymous_0)
FN:28,(anonymous_1)
FN:42,(anonymous_2)
FN:61,(anonymous_3)
FN:80,generatePedidoId
FN:84,(anonymous_5)
FNF:6
FNH:4
FNDA:1,(anonymous_0)
FNDA:1,(anonymous_1)
FNDA:0,(anonymous_2)
FNDA:0,(anonymous_3)
FNDA:1,generatePedidoId
FNDA:1,(anonymous_5)
DA:1,1
DA:2,1
DA:3,1
DA:4,1
DA:5,1
DA:6,1
DA:8,1
DA:9,1
DA:10,0
DA:12,1
DA:19,1
DA:22,1
DA:23,1
DA:24,1
DA:28,1
DA:29,1
DA:30,1
DA:31,1
DA:32,1
DA:33,1
DA:35,0
DA:36,0
DA:37,0
DA:42,1
DA:43,0
DA:44,0
DA:46,0
DA:47,0
DA:48,0
DA:49,0
DA:52,0
DA:53,0
DA:55,0
DA:56,0
DA:61,1
DA:62,0
DA:64,0
DA:65,0
DA:66,0
DA:67,0
DA:70,0
DA:71,0
DA:72,0
DA:74,0
DA:75,0
DA:81,1
DA:84,1
DA:85,1
DA:88,1
LF:49
LH:25
BRDA:9,0,0,0
BRDA:9,0,1,1
BRDA:47,1,0,0
BRDA:47,1,1,0
BRDA:65,2,0,0
BRDA:65,2,1,0
BRF:6
BRH:1
end_of_record
